2024-05-21T20:44:59.069920Z 0 [Warning] [MY-010139] [Server] Changed limits: max_open_files: 1024 (requested 5000)
2024-05-21T20:44:59.070246Z 0 [Warning] [MY-011068] [Server] The syntax 'expire-logs-days' is deprecated and will be removed in a future release. Please use binlog_expire_logs_seconds instead.
2024-05-21T20:44:59.070365Z 0 [System] [MY-013169] [Server] /opt/mysql-8.0/sbin/mysqld (mysqld 8.0.18-9) initializing of server in progress as process 44
2024-05-21T20:45:02.561058Z 0 [Warning] [MY-010161] [Server] You need to use --log-bin to make --expire_logs_days work.
2024-05-21T20:45:03.376595Z 5 [Warning] [MY-010453] [Server] root@localhost is created with an empty password ! Please consider switching off the --initialize-insecure option.
2024-05-21T20:45:06.990263Z 0 [Warning] [MY-010139] [Server] Changed limits: max_open_files: 1024 (requested 5000)
2024-05-21T20:45:07.109454Z 0 [Warning] [MY-011068] [Server] The syntax 'expire-logs-days' is deprecated and will be removed in a future release. Please use binlog_expire_logs_seconds instead.
2024-05-21T20:45:07.109538Z 0 [Warning] [MY-010097] [Server] Insecure configuration for --secure-file-priv: Current value does not restrict location of generated files. Consider setting it to a valid, non-empty path.
2024-05-21T20:45:07.109591Z 0 [System] [MY-010116] [Server] /opt/mysql-8.0/sbin/mysqld (mysqld 8.0.18-9) starting as process 109
2024-05-21T20:45:08.247968Z 0 [Warning] [MY-010161] [Server] You need to use --log-bin to make --expire_logs_days work.
2024-05-21T20:45:08.250456Z 0 [Warning] [MY-010068] [Server] CA certificate ca.pem is self signed.
2024-05-21T20:45:08.251324Z 0 [Warning] [MY-011810] [Server] Insecure configuration for --pid-file: Location '/srv/run' in the path is accessible to all OS users. Consider choosing a different directory.
2024-05-21T20:45:08.299937Z 0 [System] [MY-010931] [Server] /opt/mysql-8.0/sbin/mysqld: ready for connections. Version: '8.0.18-9'  socket: '/srv/run/mysqld/mysqld.sock'  port: 0  Percona.
2024-05-21T20:45:08.407376Z 0 [System] [MY-011323] [Server] X Plugin ready for connections. Socket: '/var/run/mysqld/mysqlx.sock'
2024-05-21T20:58:50.350244Z 0 [System] [MY-010910] [Server] /opt/mysql-8.0/sbin/mysqld: Shutdown complete (mysqld 8.0.18-9)  Percona.
2024-05-21T20:59:57.616811Z 0 [Warning] [MY-010139] [Server] Changed limits: max_open_files: 1024 (requested 5000)
2024-05-21T20:59:57.729364Z 0 [Warning] [MY-011068] [Server] The syntax 'expire-logs-days' is deprecated and will be removed in a future release. Please use binlog_expire_logs_seconds instead.
2024-05-21T20:59:57.729430Z 0 [Warning] [MY-010097] [Server] Insecure configuration for --secure-file-priv: Current value does not restrict location of generated files. Consider setting it to a valid, non-empty path.
2024-05-21T20:59:57.729483Z 0 [System] [MY-010116] [Server] /opt/mysql-8.0/sbin/mysqld (mysqld 8.0.18-9) starting as process 56
2024-05-21T20:59:58.721572Z 0 [Warning] [MY-010161] [Server] You need to use --log-bin to make --expire_logs_days work.
2024-05-21T20:59:58.726692Z 0 [Warning] [MY-010068] [Server] CA certificate ca.pem is self signed.
2024-05-21T20:59:58.729142Z 0 [Warning] [MY-011810] [Server] Insecure configuration for --pid-file: Location '/srv/run' in the path is accessible to all OS users. Consider choosing a different directory.
2024-05-21T20:59:58.780552Z 0 [System] [MY-010931] [Server] /opt/mysql-8.0/sbin/mysqld: ready for connections. Version: '8.0.18-9'  socket: '/srv/run/mysqld/mysqld.sock'  port: 0  Percona.
2024-05-21T20:59:58.815035Z 0 [System] [MY-011323] [Server] X Plugin ready for connections. Socket: '/var/run/mysqld/mysqlx.sock'
